<?xml version="1.0" encoding="UTF-8"?>
<testng-results skipped="0" failed="0" ignored="0" total="2" passed="2">
  <reporter-output>
  </reporter-output>
  <suite name="Suite" duration-ms="17374" started-at="2020-08-19T11:39:31 EET" finished-at="2020-08-19T11:39:48 EET">
    <groups>
    </groups>
    <test name="Test" duration-ms="17374" started-at="2020-08-19T11:39:31 EET" finished-at="2020-08-19T11:39:48 EET">
      <class name="com.ask.ApachePOIAndSeleniumTestNG.test.AmazonSearch">
        <test-method status="PASS" signature="init()[pri:0, instance:com.ask.ApachePOIAndSeleniumTestNG.test.AmazonSearch@59e5ddf]" name="init" is-config="true" duration-ms="8026" started-at="2020-08-19T11:39:23 EET" finished-at="2020-08-19T11:39:31 EET">
          <reporter-output>
          </reporter-output>
        </test-method> <!-- init -->
        <test-method status="PASS" signature="openAmazonPage()[pri:0, instance:com.ask.ApachePOIAndSeleniumTestNG.test.AmazonSearch@59e5ddf]" name="openAmazonPage" is-config="true" duration-ms="4272" started-at="2020-08-19T11:39:31 EET" finished-at="2020-08-19T11:39:35 EET">
          <reporter-output>
          </reporter-output>
        </test-method> <!-- openAmazonPage -->
        <test-method status="PASS" signature="search(java.lang.String)[pri:0, instance:com.ask.ApachePOIAndSeleniumTestNG.test.AmazonSearch@59e5ddf]" name="search" duration-ms="10832" started-at="2020-08-19T11:39:35 EET" data-provider="phone-data-provider" finished-at="2020-08-19T11:39:46 EET">
          <params>
            <param index="0">
              <value>
                <![CDATA[Xiaomi Note9]]>
              </value>
            </param>
          </params>
          <reporter-output>
          </reporter-output>
        </test-method> <!-- search -->
        <test-method status="PASS" signature="openAmazonPage()[pri:0, instance:com.ask.ApachePOIAndSeleniumTestNG.test.AmazonSearch@59e5ddf]" name="openAmazonPage" is-config="true" duration-ms="2198" started-at="2020-08-19T11:39:46 EET" finished-at="2020-08-19T11:39:48 EET">
          <reporter-output>
          </reporter-output>
        </test-method> <!-- openAmazonPage -->
        <test-method status="PASS" signature="test()[pri:0, instance:com.ask.ApachePOIAndSeleniumTestNG.test.AmazonSearch@59e5ddf]" name="test" duration-ms="3" started-at="2020-08-19T11:39:48 EET" finished-at="2020-08-19T11:39:48 EET">
          <reporter-output>
          </reporter-output>
        </test-method> <!-- test -->
        <test-method status="PASS" signature="destroy()[pri:0, instance:com.ask.ApachePOIAndSeleniumTestNG.test.AmazonSearch@59e5ddf]" name="destroy" is-config="true" duration-ms="849" started-at="2020-08-19T11:39:48 EET" finished-at="2020-08-19T11:39:49 EET">
          <reporter-output>
          </reporter-output>
        </test-method> <!-- destroy -->
      </class> <!-- com.ask.ApachePOIAndSeleniumTestNG.test.AmazonSearch -->
    </test> <!-- Test -->
  </suite> <!-- Suite -->
</testng-results>
